==1171888== Memcheck, a memory error detector
==1171888== Copyright (C) 2002-2017, and GNU GPL'd, by Julian Seward et al.
==1171888== Using Valgrind-3.15.0 and LibVEX; rerun with -h for copyright info
==1171888== Command: ./fileutil
==1171888== Parent PID: 1114108
==1171888== 
==1171888== 
==1171888== HEAP SUMMARY:
==1171888==     in use at exit: 4,783,776 bytes in 31,105 blocks
==1171888==   total heap usage: 31,109 allocs, 4 frees, 4,801,104 bytes allocated
==1171888== 
==1171888== 4,783,776 bytes in 31,105 blocks are definitely lost in loss record 1 of 1
==1171888==    at 0x483B7F3: malloc (in /usr/lib/x86_64-linux-gnu/valgrind/vgpreload_memcheck-amd64-linux.so)
==1171888==    by 0x109376: main (fileutil.cpp:29)
==1171888== 
==1171888== LEAK SUMMARY:
==1171888==    definitely lost: 4,783,776 bytes in 31,105 blocks
==1171888==    indirectly lost: 0 bytes in 0 blocks
==1171888==      possibly lost: 0 bytes in 0 blocks
==1171888==    still reachable: 0 bytes in 0 blocks
==1171888==         suppressed: 0 bytes in 0 blocks
==1171888== 
==1171888== For lists of detected and suppressed errors, rerun with: -s
==1171888== ERROR SUMMARY: 1 errors from 1 contexts (suppressed: 0 from 0)
