==3097500== Helgrind, a thread error detector
==3097500== Copyright (C) 2007-2017, and GNU GPL'd, by OpenWorks LLP et al.
==3097500== Using Valgrind-3.15.0-608cb11914-20190413 and LibVEX; rerun with -h for copyright info
==3097500== Command: ./workitems
==3097500== Parent PID: 2969563
==3097500== 
--3097500-- 
--3097500-- Valgrind options:
--3097500--    --tool=helgrind
--3097500--    -v
--3097500--    --log-file=hg.log
--3097500-- Contents of /proc/version:
--3097500--   Linux version 5.4.0-126-generic (buildd@lcy02-amd64-072) (gcc version 9.4.0 (Ubuntu 9.4.0-1ubuntu1~20.04.1)) #142-Ubuntu SMP Fri Aug 26 12:12:57 UTC 2022
--3097500-- 
--3097500-- Arch and hwcaps: AMD64, LittleEndian, amd64-cx16-lzcnt-rdtscp-sse3-ssse3-avx-avx2-bmi-f16c-rdrand
--3097500-- Page sizes: currently 4096, max supported 4096
--3097500-- Valgrind library directory: /usr/lib/x86_64-linux-gnu/valgrind
==3097500== helgrind --delta-stacktrace=yes only works with --vex-guest-chase-thresh=0
==3097500== => (re-setting it to 0
--3097500-- Reading syms from /home/alero585/GitMeta/tdde45-lab5-metaprogramming-and-debugging/debugging/workitems
--3097500-- Reading syms from /usr/lib/x86_64-linux-gnu/ld-2.31.so
--3097500--   Considering /usr/lib/debug/.build-id/45/87364908de169dec62ffa538170118c1c3a078.debug ..
--3097500--   .. build-id is valid
--3097500-- Reading syms from /usr/lib/x86_64-linux-gnu/valgrind/helgrind-amd64-linux
--3097500--    object doesn't have a symbol table
--3097500--    object doesn't have a dynamic symbol table
--3097500-- Scheduler: using generic scheduler lock implementation.
--3097500-- Reading suppressions file: /usr/lib/x86_64-linux-gnu/valgrind/default.supp
==3097500== embedded gdbserver: reading from /tmp/vgdb-pipe-from-vgdb-to-3097500-by-alero585-on-???
==3097500== embedded gdbserver: writing to   /tmp/vgdb-pipe-to-vgdb-from-3097500-by-alero585-on-???
==3097500== embedded gdbserver: shared mem   /tmp/vgdb-pipe-shared-mem-vgdb-3097500-by-alero585-on-???
==3097500== 
==3097500== TO CONTROL THIS PROCESS USING vgdb (which you probably
==3097500== don't want to do, unless you know exactly what you're doing,
==3097500== or are doing some strange experiment):
==3097500==   /usr/lib/x86_64-linux-gnu/valgrind/../../bin/vgdb --pid=3097500 ...command...
==3097500== 
==3097500== TO DEBUG THIS PROCESS USING GDB: start GDB like this
==3097500==   /path/to/gdb ./workitems
==3097500== and then give GDB the following command
==3097500==   target remote | /usr/lib/x86_64-linux-gnu/valgrind/../../bin/vgdb --pid=3097500
==3097500== --pid is optional if only one valgrind process is running
==3097500== 
--3097500-- Reading syms from /usr/lib/x86_64-linux-gnu/valgrind/vgpreload_core-amd64-linux.so
--3097500--    object doesn't have a symbol table
--3097500-- Reading syms from /usr/lib/x86_64-linux-gnu/valgrind/vgpreload_helgrind-amd64-linux.so
--3097500--    object doesn't have a symbol table
--3097500-- REDIR: 0x401f600 (ld-linux-x86-64.so.2:strcmp) redirected to 0x4845900 (strcmp)
--3097500-- REDIR: 0x4022e20 (ld-linux-x86-64.so.2:strlen) redirected to 0x4844d90 (strlen)
--3097500-- REDIR: 0x4023380 (ld-linux-x86-64.so.2:mempcpy) redirected to 0x4848a00 (mempcpy)
--3097500-- Reading syms from /usr/lib/x86_64-linux-gnu/libpthread-2.31.so
--3097500--   Considering /usr/lib/debug/.build-id/7b/4536f41cdaa5888408e82d0836e33dcf436466.debug ..
--3097500--   .. build-id is valid
==3097500== WARNING: new redirection conflicts with existing -- ignoring it
--3097500--     old: 0x048a2910 (pthread_spin_init   ) W-> (0000.0) 0x04844340 pthread_spin_init
--3097500--     new: 0x048a2910 (pthread_spin_init   ) W-> (0000.0) 0x04844350 pthread_spin_unlock
==3097500== WARNING: new redirection conflicts with existing -- ignoring it
--3097500--     old: 0x048a2910 (pthread_spin_init   ) W-> (0000.0) 0x04844340 pthread_spin_init
--3097500--     new: 0x048a2910 (pthread_spin_init   ) W-> (0000.0) 0x04844350 pthread_spin_unlock
==3097500== WARNING: new redirection conflicts with existing -- ignoring it
--3097500--     old: 0x048a4590 (sem_wait@@GLIBC_2.2.) W-> (0000.0) 0x04844430 sem_wait@*
--3097500--     new: 0x048a4590 (sem_wait@@GLIBC_2.2.) W-> (0000.0) 0x04844420 sem_wait
==3097500== WARNING: new redirection conflicts with existing -- ignoring it
--3097500--     old: 0x048a4a90 (sem_post@@GLIBC_2.2.) W-> (0000.0) 0x04844450 sem_post@*
--3097500--     new: 0x048a4a90 (sem_post@@GLIBC_2.2.) W-> (0000.0) 0x04844440 sem_post
--3097500-- Reading syms from /usr/lib/x86_64-linux-gnu/libc-2.31.so
--3097500--   Considering /usr/lib/debug/.build-id/18/78e6b475720c7c51969e69ab2d276fae6d1dee.debug ..
--3097500--   .. build-id is valid
--3097500-- REDIR: 0x4955480 (libc.so.6:memmove) redirected to 0x48331d0 (_vgnU_ifunc_wrapper)
--3097500-- REDIR: 0x4954780 (libc.so.6:strncpy) redirected to 0x48331d0 (_vgnU_ifunc_wrapper)
--3097500-- REDIR: 0x49557b0 (libc.so.6:strcasecmp) redirected to 0x48331d0 (_vgnU_ifunc_wrapper)
--3097500-- REDIR: 0x49540a0 (libc.so.6:strcat) redirected to 0x48331d0 (_vgnU_ifunc_wrapper)
--3097500-- REDIR: 0x49547e0 (libc.so.6:rindex) redirected to 0x48331d0 (_vgnU_ifunc_wrapper)
--3097500-- REDIR: 0x4956c50 (libc.so.6:rawmemchr) redirected to 0x48331d0 (_vgnU_ifunc_wrapper)
--3097500-- REDIR: 0x4971ce0 (libc.so.6:wmemchr) redirected to 0x48331d0 (_vgnU_ifunc_wrapper)
--3097500-- REDIR: 0x4971820 (libc.so.6:wcscmp) redirected to 0x48331d0 (_vgnU_ifunc_wrapper)
--3097500-- REDIR: 0x49555e0 (libc.so.6:mempcpy) redirected to 0x48331d0 (_vgnU_ifunc_wrapper)
--3097500-- REDIR: 0x4955410 (libc.so.6:bcmp) redirected to 0x48331d0 (_vgnU_ifunc_wrapper)
--3097500-- REDIR: 0x4954710 (libc.so.6:strncmp) redirected to 0x48331d0 (_vgnU_ifunc_wrapper)
--3097500-- REDIR: 0x4954150 (libc.so.6:strcmp) redirected to 0x48331d0 (_vgnU_ifunc_wrapper)
--3097500-- REDIR: 0x4955540 (libc.so.6:memset) redirected to 0x48331d0 (_vgnU_ifunc_wrapper)
--3097500-- REDIR: 0x49717e0 (libc.so.6:wcschr) redirected to 0x48331d0 (_vgnU_ifunc_wrapper)
--3097500-- REDIR: 0x4954670 (libc.so.6:strnlen) redirected to 0x48331d0 (_vgnU_ifunc_wrapper)
--3097500-- REDIR: 0x4954230 (libc.so.6:strcspn) redirected to 0x48331d0 (_vgnU_ifunc_wrapper)
--3097500-- REDIR: 0x4955800 (libc.so.6:strncasecmp) redirected to 0x48331d0 (_vgnU_ifunc_wrapper)
--3097500-- REDIR: 0x49541d0 (libc.so.6:strcpy) redirected to 0x48331d0 (_vgnU_ifunc_wrapper)
--3097500-- REDIR: 0x4955950 (libc.so.6:memcpy@@GLIBC_2.14) redirected to 0x48331d0 (_vgnU_ifunc_wrapper)
--3097500-- REDIR: 0x4972f50 (libc.so.6:wcsnlen) redirected to 0x48331d0 (_vgnU_ifunc_wrapper)
--3097500-- REDIR: 0x4971860 (libc.so.6:wcscpy) redirected to 0x48331d0 (_vgnU_ifunc_wrapper)
--3097500-- REDIR: 0x4954820 (libc.so.6:strpbrk) redirected to 0x48331d0 (_vgnU_ifunc_wrapper)
--3097500-- REDIR: 0x4954100 (libc.so.6:index) redirected to 0x48331d0 (_vgnU_ifunc_wrapper)
--3097500-- REDIR: 0x4954630 (libc.so.6:strlen) redirected to 0x48331d0 (_vgnU_ifunc_wrapper)
--3097500-- REDIR: 0x495dbb0 (libc.so.6:memrchr) redirected to 0x48331d0 (_vgnU_ifunc_wrapper)
--3097500-- REDIR: 0x4955850 (libc.so.6:strcasecmp_l) redirected to 0x48331d0 (_vgnU_ifunc_wrapper)
--3097500-- REDIR: 0x49553d0 (libc.so.6:memchr) redirected to 0x48331d0 (_vgnU_ifunc_wrapper)
--3097500-- REDIR: 0x4971930 (libc.so.6:wcslen) redirected to 0x48331d0 (_vgnU_ifunc_wrapper)
--3097500-- REDIR: 0x4954ae0 (libc.so.6:strspn) redirected to 0x48331d0 (_vgnU_ifunc_wrapper)
--3097500-- REDIR: 0x4955750 (libc.so.6:stpncpy) redirected to 0x48331d0 (_vgnU_ifunc_wrapper)
--3097500-- REDIR: 0x49556f0 (libc.so.6:stpcpy) redirected to 0x48331d0 (_vgnU_ifunc_wrapper)
--3097500-- REDIR: 0x4956c90 (libc.so.6:strchrnul) redirected to 0x48331d0 (_vgnU_ifunc_wrapper)
--3097500-- REDIR: 0x49558a0 (libc.so.6:strncasecmp_l) redirected to 0x48331d0 (_vgnU_ifunc_wrapper)
--3097500-- REDIR: 0x4a3d500 (libc.so.6:__strrchr_avx2) redirected to 0x4844930 (rindex)
--3097500-- REDIR: 0x4950b10 (libc.so.6:calloc) redirected to 0x483ed80 (calloc)
--3097500-- REDIR: 0x4a40b60 (libc.so.6:__memset_avx2_unaligned_erms) redirected to 0x4847b00 (memset)
--3097500-- REDIR: 0x489a8d0 (libpthread.so.0:pthread_create@@GLIBC_2.2.5) redirected to 0x4843a30 (pthread_create@*)
==3097500== ---Thread-Announcement------------------------------------------
==3097500== 
==3097500== Thread #1 is the program's root thread
==3097500== 
==3097500== ---Thread-Announcement------------------------------------------
==3097500== 
==3097500== Thread #5 was created
==3097500==    at 0x49D4122: clone (clone.S:71)
==3097500==    by 0x48992EB: create_thread (createthread.c:101)
==3097500==    by 0x489AE0F: pthread_create@@GLIBC_2.2.5 (pthread_create.c:817)
==3097500==    by 0x4842917: ??? (in /usr/lib/x86_64-linux-gnu/valgrind/vgpreload_helgrind-amd64-linux.so)
==3097500==    by 0x10942B: launchParallel (workitems.c:43)
==3097500==    by 0x1095D8: main (workitems.c:64)
==3097500== 
==3097500== ----------------------------------------------------------------
==3097500== 
==3097500== Possible data race during write of size 4 at 0x4AA9058 by thread #1
==3097500== Locks held: none
==3097500==    at 0x10945F: launchParallel (workitems.c:45)
==3097500==    by 0x1095D8: main (workitems.c:64)
==3097500== 
==3097500== This conflicts with a previous read of size 4 by thread #5
==3097500== Locks held: none
==3097500==    at 0x10924D: launchThread (workitems.c:20)
==3097500==    by 0x4842B1A: ??? (in /usr/lib/x86_64-linux-gnu/valgrind/vgpreload_helgrind-amd64-linux.so)
==3097500==    by 0x489A608: start_thread (pthread_create.c:477)
==3097500==    by 0x49D4132: clone (clone.S:95)
==3097500==  Address 0x4aa9058 is 24 bytes inside a block of size 32 alloc'd
==3097500==    at 0x483EE39: calloc (in /usr/lib/x86_64-linux-gnu/valgrind/vgpreload_helgrind-amd64-linux.so)
==3097500==    by 0x1092E8: launchParallel (workitems.c:31)
==3097500==    by 0x1095D8: main (workitems.c:64)
==3097500==  Block was alloc'd by thread #1
==3097500== 
--3097500-- REDIR: 0x489b9e0 (libpthread.so.0:pthread_join) redirected to 0x4843a40 (pthread_join)
==3097500== ---Thread-Announcement------------------------------------------
==3097500== 
==3097500== Thread #2 was created
==3097500==    at 0x49D4122: clone (clone.S:71)
==3097500==    by 0x48992EB: create_thread (createthread.c:101)
==3097500==    by 0x489AE0F: pthread_create@@GLIBC_2.2.5 (pthread_create.c:817)
==3097500==    by 0x4842917: ??? (in /usr/lib/x86_64-linux-gnu/valgrind/vgpreload_helgrind-amd64-linux.so)
==3097500==    by 0x10942B: launchParallel (workitems.c:43)
==3097500==    by 0x1095D8: main (workitems.c:64)
==3097500== 
==3097500== ----------------------------------------------------------------
==3097500== 
==3097500== Possible data race during read of size 4 at 0x4AA9058 by thread #2
==3097500== Locks held: none
==3097500==    at 0x10924D: launchThread (workitems.c:20)
==3097500==    by 0x4842B1A: ??? (in /usr/lib/x86_64-linux-gnu/valgrind/vgpreload_helgrind-amd64-linux.so)
==3097500==    by 0x489A608: start_thread (pthread_create.c:477)
==3097500==    by 0x49D4132: clone (clone.S:95)
==3097500== 
==3097500== This conflicts with a previous write of size 4 by thread #1
==3097500== Locks held: none
==3097500==    at 0x10945F: launchParallel (workitems.c:45)
==3097500==    by 0x1095D8: main (workitems.c:64)
==3097500==  Address 0x4aa9058 is 24 bytes inside a block of size 32 alloc'd
==3097500==    at 0x483EE39: calloc (in /usr/lib/x86_64-linux-gnu/valgrind/vgpreload_helgrind-amd64-linux.so)
==3097500==    by 0x1092E8: launchParallel (workitems.c:31)
==3097500==    by 0x1095D8: main (workitems.c:64)
==3097500==  Block was alloc'd by thread #1
==3097500== 
--3097500-- REDIR: 0x494f6d0 (libc.so.6:free) redirected to 0x483da70 (free)
==3097500== ---Thread-Announcement------------------------------------------
==3097500== 
==3097500== Thread #4 was created
==3097500==    at 0x49D4122: clone (clone.S:71)
==3097500==    by 0x48992EB: create_thread (createthread.c:101)
==3097500==    by 0x489AE0F: pthread_create@@GLIBC_2.2.5 (pthread_create.c:817)
==3097500==    by 0x4842917: ??? (in /usr/lib/x86_64-linux-gnu/valgrind/vgpreload_helgrind-amd64-linux.so)
==3097500==    by 0x10942B: launchParallel (workitems.c:43)
==3097500==    by 0x1095D8: main (workitems.c:64)
==3097500== 
==3097500== ----------------------------------------------------------------
==3097500== 
==3097500== Possible data race during read of size 4 at 0x4AA9048 by thread #4
==3097500== Locks held: none
==3097500==    at 0x10925B: launchThread (workitems.c:22)
==3097500==    by 0x4842B1A: ??? (in /usr/lib/x86_64-linux-gnu/valgrind/vgpreload_helgrind-amd64-linux.so)
==3097500==    by 0x489A608: start_thread (pthread_create.c:477)
==3097500==    by 0x49D4132: clone (clone.S:95)
==3097500== 
==3097500== This conflicts with a previous write of size 4 by thread #2
==3097500== Locks held: none
==3097500==    at 0x109265: launchThread (workitems.c:22)
==3097500==    by 0x4842B1A: ??? (in /usr/lib/x86_64-linux-gnu/valgrind/vgpreload_helgrind-amd64-linux.so)
==3097500==    by 0x489A608: start_thread (pthread_create.c:477)
==3097500==    by 0x49D4132: clone (clone.S:95)
==3097500==  Address 0x4aa9048 is 8 bytes inside a block of size 32 alloc'd
==3097500==    at 0x483EE39: calloc (in /usr/lib/x86_64-linux-gnu/valgrind/vgpreload_helgrind-amd64-linux.so)
==3097500==    by 0x1092E8: launchParallel (workitems.c:31)
==3097500==    by 0x1095D8: main (workitems.c:64)
==3097500==  Block was alloc'd by thread #1
==3097500== 
==3097500== ----------------------------------------------------------------
==3097500== 
==3097500== Possible data race during write of size 4 at 0x4AA9048 by thread #4
==3097500== Locks held: none
==3097500==    at 0x109265: launchThread (workitems.c:22)
==3097500==    by 0x4842B1A: ??? (in /usr/lib/x86_64-linux-gnu/valgrind/vgpreload_helgrind-amd64-linux.so)
==3097500==    by 0x489A608: start_thread (pthread_create.c:477)
==3097500==    by 0x49D4132: clone (clone.S:95)
==3097500== 
==3097500== This conflicts with a previous write of size 4 by thread #2
==3097500== Locks held: none
==3097500==    at 0x109265: launchThread (workitems.c:22)
==3097500==    by 0x4842B1A: ??? (in /usr/lib/x86_64-linux-gnu/valgrind/vgpreload_helgrind-amd64-linux.so)
==3097500==    by 0x489A608: start_thread (pthread_create.c:477)
==3097500==    by 0x49D4132: clone (clone.S:95)
==3097500==  Address 0x4aa9048 is 8 bytes inside a block of size 32 alloc'd
==3097500==    at 0x483EE39: calloc (in /usr/lib/x86_64-linux-gnu/valgrind/vgpreload_helgrind-amd64-linux.so)
==3097500==    by 0x1092E8: launchParallel (workitems.c:31)
==3097500==    by 0x1095D8: main (workitems.c:64)
==3097500==  Block was alloc'd by thread #1
==3097500== 
--3097500-- REDIR: 0x489cfc0 (libpthread.so.0:pthread_mutex_lock) redirected to 0x4843e40 (pthread_mutex_lock)
--3097500-- REDIR: 0x489e7b0 (libpthread.so.0:pthread_mutex_unlock) redirected to 0x4843e70 (pthread_mutex_unlock)
==3097500== 
==3097500== ERROR SUMMARY: 11 errors from 4 contexts (suppressed: 0 from 0)
==3097500== 
==3097500== 1 errors in context 1 of 4:
==3097500== ----------------------------------------------------------------
==3097500== 
==3097500== Possible data race during write of size 4 at 0x4AA9058 by thread #1
==3097500== Locks held: none
==3097500==    at 0x10945F: launchParallel (workitems.c:45)
==3097500==    by 0x1095D8: main (workitems.c:64)
==3097500== 
==3097500== This conflicts with a previous read of size 4 by thread #5
==3097500== Locks held: none
==3097500==    at 0x10924D: launchThread (workitems.c:20)
==3097500==    by 0x4842B1A: ??? (in /usr/lib/x86_64-linux-gnu/valgrind/vgpreload_helgrind-amd64-linux.so)
==3097500==    by 0x489A608: start_thread (pthread_create.c:477)
==3097500==    by 0x49D4132: clone (clone.S:95)
==3097500==  Address 0x4aa9058 is 24 bytes inside a block of size 32 alloc'd
==3097500==    at 0x483EE39: calloc (in /usr/lib/x86_64-linux-gnu/valgrind/vgpreload_helgrind-amd64-linux.so)
==3097500==    by 0x1092E8: launchParallel (workitems.c:31)
==3097500==    by 0x1095D8: main (workitems.c:64)
==3097500==  Block was alloc'd by thread #1
==3097500== 
==3097500== 
==3097500== 3 errors in context 2 of 4:
==3097500== ----------------------------------------------------------------
==3097500== 
==3097500== Possible data race during write of size 4 at 0x4AA9048 by thread #4
==3097500== Locks held: none
==3097500==    at 0x109265: launchThread (workitems.c:22)
==3097500==    by 0x4842B1A: ??? (in /usr/lib/x86_64-linux-gnu/valgrind/vgpreload_helgrind-amd64-linux.so)
==3097500==    by 0x489A608: start_thread (pthread_create.c:477)
==3097500==    by 0x49D4132: clone (clone.S:95)
==3097500== 
==3097500== This conflicts with a previous write of size 4 by thread #2
==3097500== Locks held: none
==3097500==    at 0x109265: launchThread (workitems.c:22)
==3097500==    by 0x4842B1A: ??? (in /usr/lib/x86_64-linux-gnu/valgrind/vgpreload_helgrind-amd64-linux.so)
==3097500==    by 0x489A608: start_thread (pthread_create.c:477)
==3097500==    by 0x49D4132: clone (clone.S:95)
==3097500==  Address 0x4aa9048 is 8 bytes inside a block of size 32 alloc'd
==3097500==    at 0x483EE39: calloc (in /usr/lib/x86_64-linux-gnu/valgrind/vgpreload_helgrind-amd64-linux.so)
==3097500==    by 0x1092E8: launchParallel (workitems.c:31)
==3097500==    by 0x1095D8: main (workitems.c:64)
==3097500==  Block was alloc'd by thread #1
==3097500== 
==3097500== 
==3097500== 3 errors in context 3 of 4:
==3097500== ----------------------------------------------------------------
==3097500== 
==3097500== Possible data race during read of size 4 at 0x4AA9048 by thread #4
==3097500== Locks held: none
==3097500==    at 0x10925B: launchThread (workitems.c:22)
==3097500==    by 0x4842B1A: ??? (in /usr/lib/x86_64-linux-gnu/valgrind/vgpreload_helgrind-amd64-linux.so)
==3097500==    by 0x489A608: start_thread (pthread_create.c:477)
==3097500==    by 0x49D4132: clone (clone.S:95)
==3097500== 
==3097500== This conflicts with a previous write of size 4 by thread #2
==3097500== Locks held: none
==3097500==    at 0x109265: launchThread (workitems.c:22)
==3097500==    by 0x4842B1A: ??? (in /usr/lib/x86_64-linux-gnu/valgrind/vgpreload_helgrind-amd64-linux.so)
==3097500==    by 0x489A608: start_thread (pthread_create.c:477)
==3097500==    by 0x49D4132: clone (clone.S:95)
==3097500==  Address 0x4aa9048 is 8 bytes inside a block of size 32 alloc'd
==3097500==    at 0x483EE39: calloc (in /usr/lib/x86_64-linux-gnu/valgrind/vgpreload_helgrind-amd64-linux.so)
==3097500==    by 0x1092E8: launchParallel (workitems.c:31)
==3097500==    by 0x1095D8: main (workitems.c:64)
==3097500==  Block was alloc'd by thread #1
==3097500== 
==3097500== 
==3097500== 4 errors in context 4 of 4:
==3097500== ----------------------------------------------------------------
==3097500== 
==3097500== Possible data race during read of size 4 at 0x4AA9058 by thread #2
==3097500== Locks held: none
==3097500==    at 0x10924D: launchThread (workitems.c:20)
==3097500==    by 0x4842B1A: ??? (in /usr/lib/x86_64-linux-gnu/valgrind/vgpreload_helgrind-amd64-linux.so)
==3097500==    by 0x489A608: start_thread (pthread_create.c:477)
==3097500==    by 0x49D4132: clone (clone.S:95)
==3097500== 
==3097500== This conflicts with a previous write of size 4 by thread #1
==3097500== Locks held: none
==3097500==    at 0x10945F: launchParallel (workitems.c:45)
==3097500==    by 0x1095D8: main (workitems.c:64)
==3097500==  Address 0x4aa9058 is 24 bytes inside a block of size 32 alloc'd
==3097500==    at 0x483EE39: calloc (in /usr/lib/x86_64-linux-gnu/valgrind/vgpreload_helgrind-amd64-linux.so)
==3097500==    by 0x1092E8: launchParallel (workitems.c:31)
==3097500==    by 0x1095D8: main (workitems.c:64)
==3097500==  Block was alloc'd by thread #1
==3097500== 
==3097500== ERROR SUMMARY: 11 errors from 4 contexts (suppressed: 0 from 0)
